  croutine.c
  event_groups.c
  list.c
  mpu_wrappers.c
  mpu_wrappers_v2.c
  port.c
  queue.c
  stream_buffer.c
  tasks.c
  timers.c
  stm32f7xx_hal.c
  LibL6474x.c
  Console.c
C:\Users\tomke\OneDrive\DHBW\2. Studienjahr\4. Semester\Hardwarenahes Programmieren von Echtezeitsystemen-zweiter Teil\Project\Solution\libs\LibHALMockup\src\stm32f7xx_hal.c(167,153): warning C4133: "Initialisierung": Inkompatible Typen - von "uint32_t *" zu "char *"
C:\Users\tomke\OneDrive\DHBW\2. Studienjahr\4. Semester\Hardwarenahes Programmieren von Echtezeitsystemen-zweiter Teil\Project\Solution\libs\LibHALMockup\src\stm32f7xx_hal.c(168,152): warning C4133: "Initialisierung": Inkompatible Typen - von "uint32_t *" zu "char *"
C:\Users\tomke\OneDrive\DHBW\2. Studienjahr\4. Semester\Hardwarenahes Programmieren von Echtezeitsystemen-zweiter Teil\Project\Solution\libs\LibHALMockup\src\stm32f7xx_hal.c(169,150): warning C4133: "Initialisierung": Inkompatible Typen - von "uint32_t *" zu "char *"
C:\Users\tomke\OneDrive\DHBW\2. Studienjahr\4. Semester\Hardwarenahes Programmieren von Echtezeitsystemen-zweiter Teil\Project\Solution\libs\LibHALMockup\src\stm32f7xx_hal.c(178,152): warning C4133: "Initialisierung": Inkompatible Typen - von "uint16_t *" zu "char *"
C:\Users\tomke\OneDrive\DHBW\2. Studienjahr\4. Semester\Hardwarenahes Programmieren von Echtezeitsystemen-zweiter Teil\Project\Solution\libs\LibHALMockup\src\stm32f7xx_hal.c(179,152): warning C4133: "Initialisierung": Inkompatible Typen - von "uint16_t *" zu "char *"
C:\Users\tomke\OneDrive\DHBW\2. Studienjahr\4. Semester\Hardwarenahes Programmieren von Echtezeitsystemen-zweiter Teil\Project\Solution\libs\LibHALMockup\src\stm32f7xx_hal.c(724,25): warning C4244: "=": Konvertierung von "uint16_t" in "uint8_t", möglicher Datenverlust
C:\Users\tomke\OneDrive\DHBW\2. Studienjahr\4. Semester\Hardwarenahes Programmieren von Echtezeitsystemen-zweiter Teil\Project\Solution\libs\LibL6474\src\LibL6474x.c(586,14): warning C4244: "return": Konvertierung von "float" in "char", möglicher Datenverlust
C:\Users\tomke\OneDrive\DHBW\2. Studienjahr\4. Semester\Hardwarenahes Programmieren von Echtezeitsystemen-zweiter Teil\Project\Solution\libs\LibRTOSConsole\src\Console.c(371,23): warning C4267: "Initialisierung": Konvertierung von "size_t" nach "int", Datenverlust möglich
C:\Users\tomke\OneDrive\DHBW\2. Studienjahr\4. Semester\Hardwarenahes Programmieren von Echtezeitsystemen-zweiter Teil\Project\Solution\libs\LibRTOSConsole\src\Console.c(492,21): warning C4267: "Initialisierung": Konvertierung von "size_t" nach "int", Datenverlust möglich
C:\Users\tomke\OneDrive\DHBW\2. Studienjahr\4. Semester\Hardwarenahes Programmieren von Echtezeitsystemen-zweiter Teil\Project\Solution\libs\LibRTOSConsole\src\Console.c(1142,29): warning C4244: "Initialisierung": Konvertierung von "UBaseType_t" in "unsigned int", möglicher Datenverlust
C:\Users\tomke\OneDrive\DHBW\2. Studienjahr\4. Semester\Hardwarenahes Programmieren von Echtezeitsystemen-zweiter Teil\Project\Solution\libs\LibRTOSConsole\src\Console.c(1326,18): warning C4267: "Initialisierung": Konvertierung von "size_t" nach "int", Datenverlust möglich
  Spindle.c
  FreeRTOSWin32.c
  Code wird generiert...
  FreeRTOSWin32.vcxproj -> C:\Users\tomke\OneDrive\DHBW\2. Studienjahr\4. Semester\Hardwarenahes Programmieren von Echtezeitsystemen-zweiter Teil\Project\Solution\simulation\FreeRTOSWin32\x64\Debug\FreeRTOSWin32.exe
