c:\users\max\documents\local_projects\graviermaschine\graviermaschine\simulation\freertoswin32\freertoswin32\x64\debug\vc143.pdb
c:\users\max\documents\local_projects\graviermaschine\graviermaschine\simulation\freertoswin32\freertoswin32\x64\debug\vc143.idb
c:\users\max\documents\local_projects\graviermaschine\graviermaschine\simulation\freertoswin32\freertoswin32\x64\debug\stm32f7xx_hal_dma.obj
c:\users\max\documents\local_projects\graviermaschine\graviermaschine\simulation\freertoswin32\freertoswin32\x64\debug\stm32f7xx_hal_cortex.obj
c:\users\max\documents\local_projects\graviermaschine\graviermaschine\simulation\freertoswin32\freertoswin32\x64\debug\stepper.obj
c:\users\max\documents\local_projects\graviermaschine\graviermaschine\simulation\freertoswin32\freertoswin32\x64\debug\spindle.obj
c:\users\max\documents\local_projects\graviermaschine\graviermaschine\simulation\freertoswin32\freertoswin32\x64\debug\freertoswin32.obj
c:\users\max\documents\local_projects\graviermaschine\graviermaschine\simulation\freertoswin32\freertoswin32\x64\debug\console.obj
c:\users\max\documents\local_projects\graviermaschine\graviermaschine\simulation\freertoswin32\freertoswin32\x64\debug\libl6474x.obj
c:\users\max\documents\local_projects\graviermaschine\graviermaschine\simulation\freertoswin32\freertoswin32\x64\debug\stm32f7xx_hal.obj
c:\users\max\documents\local_projects\graviermaschine\graviermaschine\simulation\freertoswin32\freertoswin32\x64\debug\timers.obj
c:\users\max\documents\local_projects\graviermaschine\graviermaschine\simulation\freertoswin32\freertoswin32\x64\debug\tasks.obj
c:\users\max\documents\local_projects\graviermaschine\graviermaschine\simulation\freertoswin32\freertoswin32\x64\debug\stream_buffer.obj
c:\users\max\documents\local_projects\graviermaschine\graviermaschine\simulation\freertoswin32\freertoswin32\x64\debug\queue.obj
c:\users\max\documents\local_projects\graviermaschine\graviermaschine\simulation\freertoswin32\freertoswin32\x64\debug\port.obj
c:\users\max\documents\local_projects\graviermaschine\graviermaschine\simulation\freertoswin32\freertoswin32\x64\debug\mpu_wrappers_v2.obj
c:\users\max\documents\local_projects\graviermaschine\graviermaschine\simulation\freertoswin32\freertoswin32\x64\debug\mpu_wrappers.obj
c:\users\max\documents\local_projects\graviermaschine\graviermaschine\simulation\freertoswin32\freertoswin32\x64\debug\list.obj
c:\users\max\documents\local_projects\graviermaschine\graviermaschine\simulation\freertoswin32\freertoswin32\x64\debug\event_groups.obj
c:\users\max\documents\local_projects\graviermaschine\graviermaschine\simulation\freertoswin32\freertoswin32\x64\debug\croutine.obj
c:\users\max\documents\local_projects\graviermaschine\graviermaschine\simulation\freertoswin32\freertoswin32\x64\debug\stm32f7xx_hal_uart_ex.obj
c:\users\max\documents\local_projects\graviermaschine\graviermaschine\simulation\freertoswin32\freertoswin32\x64\debug\stm32f7xx_hal_uart.obj
c:\users\max\documents\local_projects\graviermaschine\graviermaschine\simulation\freertoswin32\freertoswin32\x64\debug\stm32f7xx_hal_tim_ex.obj
c:\users\max\documents\local_projects\graviermaschine\graviermaschine\simulation\freertoswin32\freertoswin32\x64\debug\stm32f7xx_hal_tim.obj
c:\users\max\documents\local_projects\graviermaschine\graviermaschine\simulation\freertoswin32\freertoswin32\x64\debug\stm32f7xx_hal_spi_ex.obj
c:\users\max\documents\local_projects\graviermaschine\graviermaschine\simulation\freertoswin32\freertoswin32\x64\debug\stm32f7xx_hal_spi.obj
c:\users\max\documents\local_projects\graviermaschine\graviermaschine\simulation\freertoswin32\freertoswin32\x64\debug\stm32f7xx_hal_rcc_ex.obj
c:\users\max\documents\local_projects\graviermaschine\graviermaschine\simulation\freertoswin32\freertoswin32\x64\debug\stm32f7xx_hal_rcc.obj
c:\users\max\documents\local_projects\graviermaschine\graviermaschine\simulation\freertoswin32\freertoswin32\x64\debug\stm32f7xx_hal_pwr_ex.obj
c:\users\max\documents\local_projects\graviermaschine\graviermaschine\simulation\freertoswin32\freertoswin32\x64\debug\stm32f7xx_hal_pwr.obj
c:\users\max\documents\local_projects\graviermaschine\graviermaschine\simulation\freertoswin32\freertoswin32\x64\debug\stm32f7xx_hal_i2c_ex.obj
c:\users\max\documents\local_projects\graviermaschine\graviermaschine\simulation\freertoswin32\freertoswin32\x64\debug\stm32f7xx_hal_i2c.obj
c:\users\max\documents\local_projects\graviermaschine\graviermaschine\simulation\freertoswin32\freertoswin32\x64\debug\stm32f7xx_hal_gpio.obj
c:\users\max\documents\local_projects\graviermaschine\graviermaschine\simulation\freertoswin32\freertoswin32\x64\debug\stm32f7xx_hal_flash_ex.obj
c:\users\max\documents\local_projects\graviermaschine\graviermaschine\simulation\freertoswin32\freertoswin32\x64\debug\stm32f7xx_hal_flash.obj
c:\users\max\documents\local_projects\graviermaschine\graviermaschine\simulation\freertoswin32\freertoswin32\x64\debug\stm32f7xx_hal_exti.obj
c:\users\max\documents\local_projects\graviermaschine\graviermaschine\simulation\freertoswin32\freertoswin32\x64\debug\stm32f7xx_hal_dma_ex.obj
c:\users\max\documents\local_projects\graviermaschine\graviermaschine\simulation\freertoswin32\freertoswin32\x64\debug\freertoswin32.tlog\cl.command.1.tlog
c:\users\max\documents\local_projects\graviermaschine\graviermaschine\simulation\freertoswin32\freertoswin32\x64\debug\freertoswin32.tlog\cl.read.1.tlog
c:\users\max\documents\local_projects\graviermaschine\graviermaschine\simulation\freertoswin32\freertoswin32\x64\debug\freertoswin32.tlog\cl.write.1.tlog
